alembic==1.13.2
├── Mako [required: Any, installed: 1.3.5]
│   └── MarkupSafe [required: >=0.9.2, installed: 2.1.5]
├── SQLAlchemy [required: >=1.3.0, installed: 1.4.53]
│   └── greenlet [required: !=0.4.17, installed: 3.0.3]
└── typing_extensions [required: >=4, installed: 4.12.2]
boto3==1.34.151
├── botocore [required: >=1.34.151,<1.35.0, installed: 1.34.151]
│   ├── jmespath [required: >=0.7.1,<2.0.0, installed: 1.0.1]
│   ├── python-dateutil [required: >=2.1,<3.0.0, installed: 2.9.0.post0]
│   │   └── six [required: >=1.5, installed: 1.16.0]
│   └── urllib3 [required: >=1.25.4,<3,!=2.2.0, installed: 2.2.2]
├── jmespath [required: >=0.7.1,<2.0.0, installed: 1.0.1]
└── s3transfer [required: >=0.10.0,<0.11.0, installed: 0.10.2]
    └── botocore [required: >=1.33.2,<2.0a.0, installed: 1.34.151]
        ├── jmespath [required: >=0.7.1,<2.0.0, installed: 1.0.1]
        ├── python-dateutil [required: >=2.1,<3.0.0, installed: 2.9.0.post0]
        │   └── six [required: >=1.5, installed: 1.16.0]
        └── urllib3 [required: >=1.25.4,<3,!=2.2.0, installed: 2.2.2]
Bottleneck==1.4.0
└── numpy [required: Any, installed: 2.0.1]
ciso8601==2.3.1
datacube_ows==1.8.40.dev61+g0bdeeca
├── affine [required: Any, installed: 2.4.0]
├── Babel [required: Any, installed: 2.15.0]
├── click [required: Any, installed: 8.1.7]
├── colour [required: Any, installed: 0.1.5]
├── datacube [required: >=1.9.0-rc9, installed: 1.8.19]
│   ├── affine [required: Any, installed: 2.4.0]
│   ├── attrs [required: >=18.1, installed: 23.2.0]
│   ├── cachetools [required: Any, installed: 5.4.0]
│   ├── click [required: >=5.0, installed: 8.1.7]
│   ├── cloudpickle [required: >=0.4, installed: 3.0.0]
│   ├── dask [required: Any, installed: 2024.7.1]
│   │   ├── click [required: >=8.1, installed: 8.1.7]
│   │   ├── cloudpickle [required: >=1.5.0, installed: 3.0.0]
│   │   ├── fsspec [required: >=2021.09.0, installed: 2024.6.1]
│   │   ├── importlib_metadata [required: >=4.13.0, installed: 8.2.0]
│   │   │   └── zipp [required: >=0.5, installed: 3.19.2]
│   │   ├── packaging [required: >=20.0, installed: 24.1]
│   │   ├── partd [required: >=1.4.0, installed: 1.4.2]
│   │   │   ├── locket [required: Any, installed: 1.0.0]
│   │   │   └── toolz [required: Any, installed: 0.12.1]
│   │   ├── PyYAML [required: >=5.3.1, installed: 6.0.1]
│   │   └── toolz [required: >=0.10.0, installed: 0.12.1]
│   ├── deprecat [required: Any, installed: 2.1.3]
│   │   └── wrapt [required: >=1.10,<2, installed: 1.16.0]
│   ├── distributed [required: Any, installed: 2024.7.1]
│   │   ├── click [required: >=8.0, installed: 8.1.7]
│   │   ├── cloudpickle [required: >=1.5.0, installed: 3.0.0]
│   │   ├── dask [required: ==2024.7.1, installed: 2024.7.1]
│   │   │   ├── click [required: >=8.1, installed: 8.1.7]
│   │   │   ├── cloudpickle [required: >=1.5.0, installed: 3.0.0]
│   │   │   ├── fsspec [required: >=2021.09.0, installed: 2024.6.1]
│   │   │   ├── importlib_metadata [required: >=4.13.0, installed: 8.2.0]
│   │   │   │   └── zipp [required: >=0.5, installed: 3.19.2]
│   │   │   ├── packaging [required: >=20.0, installed: 24.1]
│   │   │   ├── partd [required: >=1.4.0, installed: 1.4.2]
│   │   │   │   ├── locket [required: Any, installed: 1.0.0]
│   │   │   │   └── toolz [required: Any, installed: 0.12.1]
│   │   │   ├── PyYAML [required: >=5.3.1, installed: 6.0.1]
│   │   │   └── toolz [required: >=0.10.0, installed: 0.12.1]
│   │   ├── Jinja2 [required: >=2.10.3, installed: 3.1.4]
│   │   │   └── MarkupSafe [required: >=2.0, installed: 2.1.5]
│   │   ├── locket [required: >=1.0.0, installed: 1.0.0]
│   │   ├── msgpack [required: >=1.0.0, installed: 1.0.8]
│   │   ├── packaging [required: >=20.0, installed: 24.1]
│   │   ├── psutil [required: >=5.7.2, installed: 6.0.0]
│   │   ├── PyYAML [required: >=5.3.1, installed: 6.0.1]
│   │   ├── sortedcontainers [required: >=2.0.5, installed: 2.4.0]
│   │   ├── tblib [required: >=1.6.0, installed: 3.0.0]
│   │   ├── toolz [required: >=0.10.0, installed: 0.12.1]
│   │   ├── tornado [required: >=6.0.4, installed: 6.4.1]
│   │   ├── urllib3 [required: >=1.24.3, installed: 2.2.2]
│   │   └── zict [required: >=3.0.0, installed: 3.0.0]
│   ├── GeoAlchemy2 [required: Any, installed: 0.15.2]
│   │   ├── packaging [required: Any, installed: 24.1]
│   │   └── SQLAlchemy [required: >=1.4, installed: 1.4.53]
│   │       └── greenlet [required: !=0.4.17, installed: 3.0.3]
│   ├── jsonschema [required: >=4.18, installed: 4.23.0]
│   │   ├── attrs [required: >=22.2.0, installed: 23.2.0]
│   │   ├── jsonschema-specifications [required: >=2023.03.6, installed: 2023.12.1]
│   │   │   └── referencing [required: >=0.31.0, installed: 0.35.1]
│   │   │       ├── attrs [required: >=22.2.0, installed: 23.2.0]
│   │   │       └── rpds-py [required: >=0.7.0, installed: 0.19.1]
│   │   ├── referencing [required: >=0.28.4, installed: 0.35.1]
│   │   │   ├── attrs [required: >=22.2.0, installed: 23.2.0]
│   │   │   └── rpds-py [required: >=0.7.0, installed: 0.19.1]
│   │   └── rpds-py [required: >=0.7.1, installed: 0.19.1]
│   ├── lark [required: Any, installed: 1.1.9]
│   ├── netCDF4 [required: Any, installed: 1.7.1.post1]
│   │   ├── certifi [required: Any, installed: 2024.7.4]
│   │   ├── cftime [required: Any, installed: 1.6.4]
│   │   │   └── numpy [required: >1.13.3, installed: 2.0.1]
│   │   └── numpy [required: Any, installed: 2.0.1]
│   ├── numpy [required: Any, installed: 2.0.1]
│   ├── packaging [required: Any, installed: 24.1]
│   ├── pandas [required: Any, installed: 2.2.2]
│   │   ├── numpy [required: >=1.23.2, installed: 2.0.1]
│   │   ├── python-dateutil [required: >=2.8.2, installed: 2.9.0.post0]
│   │   │   └── six [required: >=1.5, installed: 1.16.0]
│   │   ├── pytz [required: >=2020.1, installed: 2024.1]
│   │   └── tzdata [required: >=2022.7, installed: 2024.1]
│   ├── psycopg2 [required: Any, installed: 2.9.9]
│   ├── pyproj [required: >=2.5, installed: 3.6.1]
│   │   └── certifi [required: Any, installed: 2024.7.4]
│   ├── python-dateutil [required: Any, installed: 2.9.0.post0]
│   │   └── six [required: >=1.5, installed: 1.16.0]
│   ├── PyYAML [required: Any, installed: 6.0.1]
│   ├── rasterio [required: >=1.3.2, installed: 1.3.10]
│   │   ├── affine [required: Any, installed: 2.4.0]
│   │   ├── attrs [required: Any, installed: 23.2.0]
│   │   ├── certifi [required: Any, installed: 2024.7.4]
│   │   ├── click [required: >=4.0, installed: 8.1.7]
│   │   ├── click-plugins [required: Any, installed: 1.1.1]
│   │   │   └── click [required: >=4.0, installed: 8.1.7]
│   │   ├── cligj [required: >=0.5, installed: 0.7.2]
│   │   │   └── click [required: >=4.0, installed: 8.1.7]
│   │   ├── numpy [required: Any, installed: 2.0.1]
│   │   ├── setuptools [required: Any, installed: 66.1.1]
│   │   └── snuggs [required: >=1.4.1, installed: 1.4.7]
│   │       ├── numpy [required: Any, installed: 2.0.1]
│   │       └── pyparsing [required: >=2.1.6, installed: 3.1.2]
│   ├── ruamel.yaml [required: Any, installed: 0.18.6]
│   │   └── ruamel.yaml.clib [required: >=0.2.7, installed: 0.2.8]
│   ├── shapely [required: >=2.0, installed: 2.0.5]
│   │   └── numpy [required: >=1.14,<3, installed: 2.0.1]
│   ├── SQLAlchemy [required: >=1.4,<2.0, installed: 1.4.53]
│   │   └── greenlet [required: !=0.4.17, installed: 3.0.3]
│   ├── toolz [required: Any, installed: 0.12.1]
│   └── xarray [required: >=0.9, installed: 2024.7.0]
│       ├── numpy [required: >=1.23, installed: 2.0.1]
│       ├── packaging [required: >=23.1, installed: 24.1]
│       └── pandas [required: >=2.0, installed: 2.2.2]
│           ├── numpy [required: >=1.23.2, installed: 2.0.1]
│           ├── python-dateutil [required: >=2.8.2, installed: 2.9.0.post0]
│           │   └── six [required: >=1.5, installed: 1.16.0]
│           ├── pytz [required: >=2020.1, installed: 2024.1]
│           └── tzdata [required: >=2022.7, installed: 2024.1]
├── deepdiff [required: Any, installed: 7.0.1]
│   └── ordered-set [required: >=4.1.0,<4.2.0, installed: 4.1.0]
├── Flask [required: Any, installed: 3.0.3]
│   ├── blinker [required: >=1.6.2, installed: 1.8.2]
│   ├── click [required: >=8.1.3, installed: 8.1.7]
│   ├── itsdangerous [required: >=2.1.2, installed: 2.2.0]
│   ├── Jinja2 [required: >=3.1.2, installed: 3.1.4]
│   │   └── MarkupSafe [required: >=2.0, installed: 2.1.5]
│   └── Werkzeug [required: >=3.0.0, installed: 3.0.3]
│       └── MarkupSafe [required: >=2.1.1, installed: 2.1.5]
├── flask-babel [required: >3.0.0, installed: 4.0.0]
│   ├── Babel [required: >=2.12, installed: 2.15.0]
│   ├── Flask [required: >=2.0, installed: 3.0.3]
│   │   ├── blinker [required: >=1.6.2, installed: 1.8.2]
│   │   ├── click [required: >=8.1.3, installed: 8.1.7]
│   │   ├── itsdangerous [required: >=2.1.2, installed: 2.2.0]
│   │   ├── Jinja2 [required: >=3.1.2, installed: 3.1.4]
│   │   │   └── MarkupSafe [required: >=2.0, installed: 2.1.5]
│   │   └── Werkzeug [required: >=3.0.0, installed: 3.0.3]
│   │       └── MarkupSafe [required: >=2.1.1, installed: 2.1.5]
│   ├── Jinja2 [required: >=3.1, installed: 3.1.4]
│   │   └── MarkupSafe [required: >=2.0, installed: 2.1.5]
│   └── pytz [required: >=2022.7, installed: 2024.1]
├── fsspec [required: Any, installed: 2024.6.1]
├── GeoAlchemy2 [required: Any, installed: 0.15.2]
│   ├── packaging [required: Any, installed: 24.1]
│   └── SQLAlchemy [required: >=1.4, installed: 1.4.53]
│       └── greenlet [required: !=0.4.17, installed: 3.0.3]
├── lark [required: Any, installed: 1.1.9]
├── lxml [required: Any, installed: 5.2.2]
├── matplotlib [required: Any, installed: 3.9.1]
│   ├── contourpy [required: >=1.0.1, installed: 1.2.1]
│   │   └── numpy [required: >=1.20, installed: 2.0.1]
│   ├── cycler [required: >=0.10, installed: 0.12.1]
│   ├── fonttools [required: >=4.22.0, installed: 4.53.1]
│   ├── kiwisolver [required: >=1.3.1, installed: 1.4.5]
│   ├── numpy [required: >=1.23, installed: 2.0.1]
│   ├── packaging [required: >=20.0, installed: 24.1]
│   ├── pillow [required: >=8, installed: 10.4.0]
│   ├── pyparsing [required: >=2.3.1, installed: 3.1.2]
│   └── python-dateutil [required: >=2.7, installed: 2.9.0.post0]
│       └── six [required: >=1.5, installed: 1.16.0]
├── numpy [required: >=1.22, installed: 2.0.1]
├── pillow [required: >=10.2.0, installed: 10.4.0]
├── prometheus_flask_exporter [required: Any, installed: 0.23.1]
│   ├── Flask [required: Any, installed: 3.0.3]
│   │   ├── blinker [required: >=1.6.2, installed: 1.8.2]
│   │   ├── click [required: >=8.1.3, installed: 8.1.7]
│   │   ├── itsdangerous [required: >=2.1.2, installed: 2.2.0]
│   │   ├── Jinja2 [required: >=3.1.2, installed: 3.1.4]
│   │   │   └── MarkupSafe [required: >=2.0, installed: 2.1.5]
│   │   └── Werkzeug [required: >=3.0.0, installed: 3.0.3]
│   │       └── MarkupSafe [required: >=2.1.1, installed: 2.1.5]
│   └── prometheus_client [required: Any, installed: 0.20.0]
├── psycopg2 [required: Any, installed: 2.9.9]
├── pyows [required: Any, installed: 0.3.1]
│   ├── iso8601 [required: Any, installed: 2.1.0]
│   └── lxml [required: Any, installed: 5.2.2]
├── pyparsing [required: Any, installed: 3.1.2]
├── python-dateutil [required: Any, installed: 2.9.0.post0]
│   └── six [required: >=1.5, installed: 1.16.0]
├── python-slugify [required: Any, installed: 8.0.4]
│   └── text-unidecode [required: >=1.3, installed: 1.3]
├── pytz [required: Any, installed: 2024.1]
├── rasterio [required: >=1.3.2, installed: 1.3.10]
│   ├── affine [required: Any, installed: 2.4.0]
│   ├── attrs [required: Any, installed: 23.2.0]
│   ├── certifi [required: Any, installed: 2024.7.4]
│   ├── click [required: >=4.0, installed: 8.1.7]
│   ├── click-plugins [required: Any, installed: 1.1.1]
│   │   └── click [required: >=4.0, installed: 8.1.7]
│   ├── cligj [required: >=0.5, installed: 0.7.2]
│   │   └── click [required: >=4.0, installed: 8.1.7]
│   ├── numpy [required: Any, installed: 2.0.1]
│   ├── setuptools [required: Any, installed: 66.1.1]
│   └── snuggs [required: >=1.4.1, installed: 1.4.7]
│       ├── numpy [required: Any, installed: 2.0.1]
│       └── pyparsing [required: >=2.1.6, installed: 3.1.2]
├── regex [required: Any, installed: 2024.7.24]
├── requests [required: Any, installed: 2.32.3]
│   ├── certifi [required: >=2017.4.17, installed: 2024.7.4]
│   ├── charset-normalizer [required: >=2,<4, installed: 3.3.2]
│   ├── idna [required: >=2.5,<4, installed: 3.7]
│   └── urllib3 [required: >=1.21.1,<3, installed: 2.2.2]
├── scipy [required: Any, installed: 1.14.0]
│   └── numpy [required: >=1.23.5,<2.3, installed: 2.0.1]
├── setuptools-scm [required: Any, installed: 8.1.0]
│   ├── packaging [required: >=20, installed: 24.1]
│   └── setuptools [required: Any, installed: 66.1.1]
├── timezonefinder [required: Any, installed: 6.5.2]
│   ├── cffi [required: >=1.15.1,<2, installed: 1.16.0]
│   │   └── pycparser [required: Any, installed: 2.22]
│   ├── h3 [required: >=3.7.6,<4, installed: 3.7.7]
│   ├── numpy [required: >=1.23,<3, installed: 2.0.1]
│   └── setuptools [required: >=65.5, installed: 66.1.1]
└── xarray [required: Any, installed: 2024.7.0]
    ├── numpy [required: >=1.23, installed: 2.0.1]
    ├── packaging [required: >=23.1, installed: 24.1]
    └── pandas [required: >=2.0, installed: 2.2.2]
        ├── numpy [required: >=1.23.2, installed: 2.0.1]
        ├── python-dateutil [required: >=2.8.2, installed: 2.9.0.post0]
        │   └── six [required: >=1.5, installed: 1.16.0]
        ├── pytz [required: >=2020.1, installed: 2024.1]
        └── tzdata [required: >=2022.7, installed: 2024.1]
flake8==7.1.0
├── mccabe [required: >=0.7.0,<0.8.0, installed: 0.7.0]
├── pycodestyle [required: >=2.12.0,<2.13.0, installed: 2.12.0]
└── pyflakes [required: >=3.2.0,<3.3.0, installed: 3.2.0]
Flask-Cors==4.0.1
└── Flask [required: >=0.9, installed: 3.0.3]
    ├── blinker [required: >=1.6.2, installed: 1.8.2]
    ├── click [required: >=8.1.3, installed: 8.1.7]
    ├── itsdangerous [required: >=2.1.2, installed: 2.2.0]
    ├── Jinja2 [required: >=3.1.2, installed: 3.1.4]
    │   └── MarkupSafe [required: >=2.0, installed: 2.1.5]
    └── Werkzeug [required: >=3.0.0, installed: 3.0.3]
        └── MarkupSafe [required: >=2.1.1, installed: 2.1.5]
gevent==24.2.1
├── greenlet [required: >=3.0rc3, installed: 3.0.3]
├── zope.event [required: Any, installed: 5.0]
│   └── setuptools [required: Any, installed: 66.1.1]
└── zope.interface [required: Any, installed: 6.4.post2]
    └── setuptools [required: Any, installed: 66.1.1]
gunicorn==22.0.0
└── packaging [required: Any, installed: 24.1]
mypy==1.11.1
├── mypy-extensions [required: >=1.0.0, installed: 1.0.0]
└── typing_extensions [required: >=4.6.0, installed: 4.12.2]
odc-geo==0.4.8
├── affine [required: Any, installed: 2.4.0]
├── cachetools [required: Any, installed: 5.4.0]
├── numpy [required: Any, installed: 2.0.1]
├── pyproj [required: >=3.0.0, installed: 3.6.1]
│   └── certifi [required: Any, installed: 2024.7.4]
└── shapely [required: Any, installed: 2.0.5]
    └── numpy [required: >=1.14,<3, installed: 2.0.1]
OWSLib==0.31.0
├── lxml [required: Any, installed: 5.2.2]
├── python-dateutil [required: >=1.5, installed: 2.9.0.post0]
│   └── six [required: >=1.5, installed: 1.16.0]
├── pytz [required: Any, installed: 2024.1]
├── PyYAML [required: Any, installed: 6.0.1]
└── requests [required: >=1.0, installed: 2.32.3]
    ├── certifi [required: >=2017.4.17, installed: 2024.7.4]
    ├── charset-normalizer [required: >=2,<4, installed: 3.3.2]
    ├── idna [required: >=2.5,<4, installed: 3.7]
    └── urllib3 [required: >=1.21.1,<3, installed: 2.2.2]
pep8==1.7.1
pipdeptree==2.23.1
├── packaging [required: >=23.1, installed: 24.1]
└── pip [required: >=23.1.2, installed: 24.2]
pre-commit==2.13.0
├── cfgv [required: >=2.0.0, installed: 3.4.0]
├── identify [required: >=1.0.0, installed: 2.6.0]
├── nodeenv [required: >=0.11.1, installed: 1.9.1]
├── PyYAML [required: >=5.1, installed: 6.0.1]
├── toml [required: Any, installed: 0.10.2]
└── virtualenv [required: >=20.0.8, installed: 20.26.3]
    ├── distlib [required: >=0.3.7,<1, installed: 0.3.8]
    ├── filelock [required: >=3.12.2,<4, installed: 3.15.4]
    └── platformdirs [required: >=3.9.1,<5, installed: 4.2.2]
pydevd-pycharm==221.5921.27
pylint==3.2.3
├── astroid [required: >=3.2.2,<=3.3.0-dev0, installed: 3.2.4]
├── dill [required: >=0.3.6, installed: 0.3.8]
├── isort [required: >=4.2.5,<6,!=5.13.0, installed: 5.13.2]
├── mccabe [required: >=0.6,<0.8, installed: 0.7.0]
├── platformdirs [required: >=2.2.0, installed: 4.2.2]
└── tomlkit [required: >=0.10.1, installed: 0.13.0]
pytest-cov==5.0.0
├── coverage [required: >=5.2.1, installed: 7.6.0]
└── pytest [required: >=4.6, installed: 8.3.2]
    ├── iniconfig [required: Any, installed: 2.0.0]
    ├── packaging [required: Any, installed: 24.1]
    └── pluggy [required: >=1.5,<2, installed: 1.5.0]
pytest-helpers-namespace==2021.12.29
└── pytest [required: >=6.0.0, installed: 8.3.2]
    ├── iniconfig [required: Any, installed: 2.0.0]
    ├── packaging [required: Any, installed: 24.1]
    └── pluggy [required: >=1.5,<2, installed: 1.5.0]
pytest-localserver==0.8.1
└── Werkzeug [required: >=0.10, installed: 3.0.3]
    └── MarkupSafe [required: >=2.1.1, installed: 2.1.5]
pytest-mock==3.14.0
└── pytest [required: >=6.2.5, installed: 8.3.2]
    ├── iniconfig [required: Any, installed: 2.0.0]
    ├── packaging [required: Any, installed: 24.1]
    └── pluggy [required: >=1.5,<2, installed: 1.5.0]
sentry-sdk==2.11.0
├── certifi [required: Any, installed: 2024.7.4]
└── urllib3 [required: >=1.26.11, installed: 2.2.2]
sphinx-click==6.0.0
├── click [required: >=8.0, installed: 8.1.7]
├── docutils [required: Any, installed: 0.21.2]
└── Sphinx [required: >=4.0, installed: 8.0.2]
    ├── alabaster [required: >=0.7.14, installed: 1.0.0]
    ├── Babel [required: >=2.13, installed: 2.15.0]
    ├── docutils [required: >=0.20,<0.22, installed: 0.21.2]
    ├── imagesize [required: >=1.3, installed: 1.4.1]
    ├── Jinja2 [required: >=3.1, installed: 3.1.4]
    │   └── MarkupSafe [required: >=2.0, installed: 2.1.5]
    ├── packaging [required: >=23.0, installed: 24.1]
    ├── Pygments [required: >=2.17, installed: 2.18.0]
    ├── requests [required: >=2.30.0, installed: 2.32.3]
    │   ├── certifi [required: >=2017.4.17, installed: 2024.7.4]
    │   ├── charset-normalizer [required: >=2,<4, installed: 3.3.2]
    │   ├── idna [required: >=2.5,<4, installed: 3.7]
    │   └── urllib3 [required: >=1.21.1,<3, installed: 2.2.2]
    ├── snowballstemmer [required: >=2.2, installed: 2.2.0]
    ├── sphinxcontrib-applehelp [required: Any, installed: 2.0.0]
    ├── sphinxcontrib-devhelp [required: Any, installed: 2.0.0]
    ├── sphinxcontrib-htmlhelp [required: >=2.0.0, installed: 2.1.0]
    ├── sphinxcontrib-jsmath [required: Any, installed: 1.0.1]
    ├── sphinxcontrib-qthelp [required: Any, installed: 2.0.0]
    └── sphinxcontrib-serializinghtml [required: >=1.1.9, installed: 2.0.0]
types-python-dateutil==2.9.0.20240316
types-pytz==2024.1.0.20240417
types-requests==2.32.0.20240712
└── urllib3 [required: >=2, installed: 2.2.2]
wheel==0.38.4
